{
  event = "msg_showcmd",
  kind = {}
}
{
  event = "msg_showcmd",
  kind = { { 0, ":", 0 } }
}
{ 0, ":", "", 0, 1, 0,
  event = "cmdline_show",
  kind = { { 0, "" } }
}
{ 1, ":", "", 0, 1, 0,
  event = "cmdline_show",
  kind = { { 0, "q" } }
}
{ false,
  event = "cmdline_hide",
  kind = 1
}
{
  event = "msg_showcmd",
  kind = {}
}
{
  event = "msg_showcmd",
  kind = { { 0, "j", 0 } }
}
{
  event = "msg_showcmd",
  kind = {}
}
{
  event = "msg_showcmd",
  kind = { { 0, ":", 0 } }
}
{ 0, ":", "", 0, 1, 0,
  event = "cmdline_show",
  kind = { { 0, "" } }
}
{ 1, ":", "", 0, 1, 0,
  event = "cmdline_show",
  kind = { { 0, "N" } }
}
{ -1, 0, 0, -1,
  event = "popupmenu_show",
  kind = { { "Next", "", "", "" }, { "NoMatchParen", "", "", "" }, { "Noice", "", "", "" }, { "NoiceAll", "", "", "" }, { "NoiceConfig", "", "", "" }, { "NoiceDebug", "", "", "" }, { "NoiceDisable", "", "", "" }, { "NoiceDismiss", "", "", "" }, { "NoiceEnable", "", "", "" }, { "NoiceErrors", "", "", "" }, { "NoiceFzf", "", "", "" }, { "NoiceHistory", "", "", "" }, { "NoiceLast", "", "", "" }, { "NoiceLog", "", "", "" }, { "NoicePick", "", "", "" }, { "NoiceRoutes", "", "", "" }, { "NoiceSnacks", "", "", "" }, { "NoiceStats", "", "", "" }, { "NoiceTelescope", "", "", "" }, { "NoiceViewstats", "", "", "" }, { "NvimWebDeviconsHiTest", "", "", "" } }
}
{ 1, ":", "", 0, 1, 0,
  event = "cmdline_show",
  kind = { { 0, "N" } }
}
{
  event = "popupmenu_select",
  kind = 0
}
{ 1, ":", "", 0, 1, 0,
  event = "cmdline_show",
  kind = { { 0, "N" } }
}
{ 4, ":", "", 0, 1, 0,
  event = "cmdline_show",
  kind = { { 0, "Next" } }
}
{
  event = "popupmenu_select",
  kind = 1
}
{ 12, ":", "", 0, 1, 0,
  event = "cmdline_show",
  kind = { { 0, "NoMatchParen" } }
}
{
  event = "popupmenu_select",
  kind = 2
}
{ 5, ":", "", 0, 1, 0,
  event = "cmdline_show",
  kind = { { 0, "Noice" } }
}
{
  event = "popupmenu_select",
  kind = 3
}
{ 8, ":", "", 0, 1, 0,
  event = "cmdline_show",
  kind = { { 0, "NoiceAll" } }
}
{
  event = "popupmenu_select",
  kind = 4
}
{ 11, ":", "", 0, 1, 0,
  event = "cmdline_show",
  kind = { { 0, "NoiceConfig" } }
}
{
  event = "popupmenu_select",
  kind = 5
}
{ 10, ":", "", 0, 1, 0,
  event = "cmdline_show",
  kind = { { 0, "NoiceDebug" } }
}
{
  event = "popupmenu_hide"
}
{ false,
  event = "cmdline_hide",
  kind = 1
}
